<?xml version="1.0" encoding="UTF-8"?>
<!-- Generated by org.testng.reporters.JUnitReportReporter -->
<testsuite skipped="0" hostname="LAPTOP-F189313A" name="runners.MainRunner" tests="1" failures="0" timestamp="2021-03-02T23:09:18 CST" time="76.497" errors="0">
  <testcase name="feature" time="76.497" classname="runners.MainRunner"/>
  <system-out/>
</testsuite> <!-- runners.MainRunner -->
